<?xml version="1.0" encoding="UTF-8"?>
<testng-results skipped="0" failed="0" ignored="0" total="1" passed="1">
  <reporter-output>
  </reporter-output>
  <suite name="Suite" duration-ms="37682" started-at="2018-08-01T22:49:37Z" finished-at="2018-08-01T22:50:15Z">
    <groups>
      <group name="cucumber">
        <method signature="AbstractTestNGCucumberTests.feature(cucumber.api.testng.CucumberFeatureWrapper)[pri:0, instance:com.runner.TestNgRunner@588df31b]" name="feature" class="cucumber.api.testng.AbstractTestNGCucumberTests"/>
      </group> <!-- cucumber -->
    </groups>
    <test name="Test" duration-ms="37682" started-at="2018-08-01T22:49:37Z" finished-at="2018-08-01T22:50:15Z">
      <class name="com.runner.TestNgRunner">
        <test-method status="PASS" signature="setUpClass()[pri:0, instance:com.runner.TestNgRunner@588df31b]" name="setUpClass" is-config="true" duration-ms="567" started-at="2018-08-01T22:49:37Z" finished-at="2018-08-01T22:49:38Z">
          <reporter-output>
          </reporter-output>
        </test-method> <!-- setUpClass -->
        <test-method status="PASS" signature="feature(cucumber.api.testng.CucumberFeatureWrapper)[pri:0, instance:com.runner.TestNgRunner@588df31b]" name="feature" duration-ms="36063" started-at="2018-08-01T22:49:38Z" description="Runs Cucumber Feature" data-provider="features" finished-at="2018-08-01T22:50:14Z">
          <params>
            <param index="0">
              <value>
                <![CDATA[Web application login function and web table data Validation]]>
              </value>
            </param>
          </params>
          <reporter-output>
          </reporter-output>
        </test-method> <!-- feature -->
        <test-method status="PASS" signature="tearDownClass()[pri:0, instance:com.runner.TestNgRunner@588df31b]" name="tearDownClass" is-config="true" duration-ms="877" started-at="2018-08-01T22:50:14Z" finished-at="2018-08-01T22:50:15Z">
          <reporter-output>
          </reporter-output>
        </test-method> <!-- tearDownClass -->
      </class> <!-- com.runner.TestNgRunner -->
    </test> <!-- Test -->
  </suite> <!-- Suite -->
</testng-results>
